<?xml version="1.0" encoding="UTF-8"?>
<!-- Generated by org.testng.reporters.JUnitReportReporter -->
<testsuite hostname="DESKTOP-TIC5DM4" failures="0" tests="17" name="com.App.PageTestCases.testrunner" time="192.756" errors="0" timestamp="2024-09-02T01:35:22 IST" skipped="0">
  <testcase classname="com.App.PageTestCases.testrunner" name="runScenario" time="7.568"/>
  <system-out/>
  <testcase classname="com.App.PageTestCases.testrunner" name="runScenario" time="9.258"/>
  <system-out/>
  <testcase classname="com.App.PageTestCases.testrunner" name="runScenario" time="13.314"/>
  <system-out/>
  <testcase classname="com.App.PageTestCases.testrunner" name="runScenario" time="7.845"/>
  <system-out/>
  <testcase classname="com.App.PageTestCases.testrunner" name="runScenario" time="15.350"/>
  <system-out/>
  <testcase classname="com.App.PageTestCases.testrunner" name="runScenario" time="13.168"/>
  <system-out/>
  <testcase classname="com.App.PageTestCases.testrunner" name="runScenario" time="8.492"/>
  <system-out/>
  <testcase classname="com.App.PageTestCases.testrunner" name="runScenario" time="8.535"/>
  <system-out/>
  <testcase classname="com.App.PageTestCases.testrunner" name="runScenario" time="13.212"/>
  <system-out/>
  <testcase classname="com.App.PageTestCases.testrunner" name="runScenario" time="13.303"/>
  <system-out/>
  <testcase classname="com.App.PageTestCases.testrunner" name="runScenario" time="8.634"/>
  <system-out/>
  <testcase classname="com.App.PageTestCases.testrunner" name="runScenario" time="8.653"/>
  <system-out/>
  <testcase classname="com.App.PageTestCases.testrunner" name="runScenario" time="14.967"/>
  <system-out/>
  <testcase classname="com.App.PageTestCases.testrunner" name="runScenario" time="20.185"/>
  <system-out/>
  <testcase classname="com.App.PageTestCases.testrunner" name="runScenario" time="13.024"/>
  <system-out/>
  <testcase classname="com.App.PageTestCases.testrunner" name="runScenario" time="8.285"/>
  <system-out/>
  <testcase classname="com.App.PageTestCases.testrunner" name="runScenario" time="8.963"/>
  <system-out/>
</testsuite> <!-- com.App.PageTestCases.testrunner -->
